d:\김태윤\6개월차\102기\framework102\engine\utilities\includes\debug\vc140.pdb
d:\김태윤\6개월차\102기\framework102\engine\utilities\includes\debug\vc140.idb
d:\김태윤\6개월차\102기\framework102\engine\utilities\includes\debug\scene.obj
d:\김태윤\6개월차\102기\framework102\engine\utilities\includes\debug\management.obj
d:\김태윤\6개월차\102기\framework102\engine\utilities\includes\debug\renderer.obj
d:\김태윤\6개월차\102기\framework102\engine\utilities\includes\debug\keymgr.obj
d:\김태윤\6개월차\102기\framework102\engine\utilities\includes\debug\timemgr.obj
d:\김태윤\6개월차\102기\framework102\engine\utilities\includes\debug\component.obj
d:\김태윤\6개월차\102기\framework102\engine\utilities\includes\debug\gameobject.obj
d:\김태윤\6개월차\102기\framework102\engine\utilities\bin\utilities.ilk
d:\김태윤\6개월차\102기\framework102\engine\utilities\bin\utilities.dll
d:\김태윤\6개월차\102기\framework102\engine\utilities\bin\utilities.pdb
d:\김태윤\6개월차\102기\framework102\engine\utilities\bin\utilities.lib
d:\김태윤\6개월차\102기\framework102\engine\utilities\bin\utilities.exp
d:\김태윤\6개월차\102기\framework102\engine\utilities\includes\../bin/utilities.dll
d:\김태윤\6개월차\102기\framework102\engine\utilities\includes\debug\utilities.tlog\cl.command.1.tlog
d:\김태윤\6개월차\102기\framework102\engine\utilities\includes\debug\utilities.tlog\cl.read.1.tlog
d:\김태윤\6개월차\102기\framework102\engine\utilities\includes\debug\utilities.tlog\cl.write.1.tlog
d:\김태윤\6개월차\102기\framework102\engine\utilities\includes\debug\utilities.tlog\link.command.1.tlog
d:\김태윤\6개월차\102기\framework102\engine\utilities\includes\debug\utilities.tlog\link.read.1.tlog
d:\김태윤\6개월차\102기\framework102\engine\utilities\includes\debug\utilities.tlog\link.write.1.tlog
d:\김태윤\6개월차\102기\framework102\engine\utilities\includes\debug\utilities.tlog\utilities.write.1u.tlog
