  Camera.cpp
  CollisionRect.cpp
..\Codes\CollisionRect.cpp(21): warning C4244: '=': 'float'에서 'LONG'(으)로 변환하면서 데이터가 손실될 수 있습니다.
..\Codes\CollisionRect.cpp(22): warning C4244: '=': 'float'에서 'LONG'(으)로 변환하면서 데이터가 손실될 수 있습니다.
..\Codes\CollisionRect.cpp(23): warning C4244: '=': 'float'에서 'LONG'(으)로 변환하면서 데이터가 손실될 수 있습니다.
..\Codes\CollisionRect.cpp(24): warning C4244: '=': 'float'에서 'LONG'(으)로 변환하면서 데이터가 손실될 수 있습니다.
  Component.cpp
  DeadObj.cpp
  Font.cpp
  FontMgr.cpp
  Frame.cpp
  GameObject.cpp
  KeyMgr.cpp
  Layer.cpp
  Management.cpp
  MathMgr.cpp
  Observer.cpp
  PipeLine.cpp
  Renderer.cpp
  Scene.cpp
  Subject.cpp
  SubjectMgr.cpp
  TileMgr.cpp
  TimeMgr.cpp
  컴파일하고 있습니다...
  Transform.cpp
     ../Bin/Utilities.lib 라이브러리 및 ../Bin/Utilities.exp 개체를 생성하고 있습니다.
  코드를 생성하고 있습니다.
  All 1484 functions were compiled because no usable IPDB/IOBJ from previous compilation was found.
  코드를 생성했습니다.
  Utilities.vcxproj -> C:\SR_FrameWork_20200330_1\Engine\Utilities\Includes\../Bin/Utilities.dll
  Utilities.vcxproj -> ../Bin/Utilities.pdb (Full PDB)
